Determining if the include file pthread.h exists passed with the following output:
Change Dir: /home/administrateur/Documents/Informatique/INF574/projet/MeshlessDeformations/build/CMakeFiles/CMakeTmp

Run Build Command:"/usr/bin/make" "cmTC_9e75a/fast"
/usr/bin/make -f CMakeFiles/cmTC_9e75a.dir/build.make CMakeFiles/cmTC_9e75a.dir/build
make[1] : on entre dans le répertoire « /home/administrateur/Documents/Informatique/INF574/projet/MeshlessDeformations/build/CMakeFiles/CMakeTmp »
Building C object CMakeFiles/cmTC_9e75a.dir/CheckIncludeFile.c.o
/usr/bin/cc   -fPIC    -o CMakeFiles/cmTC_9e75a.dir/CheckIncludeFile.c.o   -c /home/administrateur/Documents/Informatique/INF574/projet/MeshlessDeformations/build/home/administrateur/Documents/Informatique/INF574/projet/MeshlessDeformations/build/CMakeTmp/CheckIncludeFile.c
Linking C executable cmTC_9e75a
/usr/bin/cmake -E cmake_link_script CMakeFiles/cmTC_9e75a.dir/link.txt --verbose=1
/usr/bin/cc  -fPIC     -rdynamic CMakeFiles/cmTC_9e75a.dir/CheckIncludeFile.c.o  -o cmTC_9e75a 
make[1] : on quitte le répertoire « /home/administrateur/Documents/Informatique/INF574/projet/MeshlessDeformations/build/CMakeFiles/CMakeTmp »


Determining if the function pthread_create exists in the pthread passed with the following output:
Change Dir: /home/administrateur/Documents/Informatique/INF574/projet/MeshlessDeformations/build/CMakeFiles/CMakeTmp

Run Build Command:"/usr/bin/make" "cmTC_3bc73/fast"
/usr/bin/make -f CMakeFiles/cmTC_3bc73.dir/build.make CMakeFiles/cmTC_3bc73.dir/build
make[1] : on entre dans le répertoire « /home/administrateur/Documents/Informatique/INF574/projet/MeshlessDeformations/build/CMakeFiles/CMakeTmp »
Building C object CMakeFiles/cmTC_3bc73.dir/CheckFunctionExists.c.o
/usr/bin/cc   -fPIC -DCHECK_FUNCTION_EXISTS=pthread_create   -o CMakeFiles/cmTC_3bc73.dir/CheckFunctionExists.c.o   -c /usr/share/cmake-3.10/Modules/CheckFunctionExists.c
Linking C executable cmTC_3bc73
/usr/bin/cmake -E cmake_link_script CMakeFiles/cmTC_3bc73.dir/link.txt --verbose=1
/usr/bin/cc  -fPIC -DCHECK_FUNCTION_EXISTS=pthread_create    -rdynamic CMakeFiles/cmTC_3bc73.dir/CheckFunctionExists.c.o  -o cmTC_3bc73 -lpthread 
make[1] : on quitte le répertoire « /home/administrateur/Documents/Informatique/INF574/projet/MeshlessDeformations/build/CMakeFiles/CMakeTmp »


Determining if the function XOpenDisplay exists in the /usr/lib/x86_64-linux-gnu/libX11.so;/usr/lib/x86_64-linux-gnu/libXext.so passed with the following output:
Change Dir: /home/administrateur/Documents/Informatique/INF574/projet/MeshlessDeformations/build/CMakeFiles/CMakeTmp

Run Build Command:"/usr/bin/make" "cmTC_aa75d/fast"
/usr/bin/make -f CMakeFiles/cmTC_aa75d.dir/build.make CMakeFiles/cmTC_aa75d.dir/build
make[1] : on entre dans le répertoire « /home/administrateur/Documents/Informatique/INF574/projet/MeshlessDeformations/build/CMakeFiles/CMakeTmp »
Building C object CMakeFiles/cmTC_aa75d.dir/CheckFunctionExists.c.o
/usr/bin/cc   -fPIC -DCHECK_FUNCTION_EXISTS=XOpenDisplay   -o CMakeFiles/cmTC_aa75d.dir/CheckFunctionExists.c.o   -c /usr/share/cmake-3.10/Modules/CheckFunctionExists.c
Linking C executable cmTC_aa75d
/usr/bin/cmake -E cmake_link_script CMakeFiles/cmTC_aa75d.dir/link.txt --verbose=1
/usr/bin/cc  -fPIC -DCHECK_FUNCTION_EXISTS=XOpenDisplay    -rdynamic CMakeFiles/cmTC_aa75d.dir/CheckFunctionExists.c.o  -o cmTC_aa75d /usr/lib/x86_64-linux-gnu/libX11.so /usr/lib/x86_64-linux-gnu/libXext.so 
make[1] : on quitte le répertoire « /home/administrateur/Documents/Informatique/INF574/projet/MeshlessDeformations/build/CMakeFiles/CMakeTmp »


Determining if the function gethostbyname exists passed with the following output:
Change Dir: /home/administrateur/Documents/Informatique/INF574/projet/MeshlessDeformations/build/CMakeFiles/CMakeTmp

Run Build Command:"/usr/bin/make" "cmTC_99a28/fast"
/usr/bin/make -f CMakeFiles/cmTC_99a28.dir/build.make CMakeFiles/cmTC_99a28.dir/build
make[1] : on entre dans le répertoire « /home/administrateur/Documents/Informatique/INF574/projet/MeshlessDeformations/build/CMakeFiles/CMakeTmp »
Building C object CMakeFiles/cmTC_99a28.dir/CheckFunctionExists.c.o
/usr/bin/cc   -fPIC -DCHECK_FUNCTION_EXISTS=gethostbyname   -o CMakeFiles/cmTC_99a28.dir/CheckFunctionExists.c.o   -c /usr/share/cmake-3.10/Modules/CheckFunctionExists.c
Linking C executable cmTC_99a28
/usr/bin/cmake -E cmake_link_script CMakeFiles/cmTC_99a28.dir/link.txt --verbose=1
/usr/bin/cc  -fPIC -DCHECK_FUNCTION_EXISTS=gethostbyname    -rdynamic CMakeFiles/cmTC_99a28.dir/CheckFunctionExists.c.o  -o cmTC_99a28 
make[1] : on quitte le répertoire « /home/administrateur/Documents/Informatique/INF574/projet/MeshlessDeformations/build/CMakeFiles/CMakeTmp »


Determining if the function connect exists passed with the following output:
Change Dir: /home/administrateur/Documents/Informatique/INF574/projet/MeshlessDeformations/build/CMakeFiles/CMakeTmp

Run Build Command:"/usr/bin/make" "cmTC_049f8/fast"
/usr/bin/make -f CMakeFiles/cmTC_049f8.dir/build.make CMakeFiles/cmTC_049f8.dir/build
make[1] : on entre dans le répertoire « /home/administrateur/Documents/Informatique/INF574/projet/MeshlessDeformations/build/CMakeFiles/CMakeTmp »
Building C object CMakeFiles/cmTC_049f8.dir/CheckFunctionExists.c.o
/usr/bin/cc   -fPIC -DCHECK_FUNCTION_EXISTS=connect   -o CMakeFiles/cmTC_049f8.dir/CheckFunctionExists.c.o   -c /usr/share/cmake-3.10/Modules/CheckFunctionExists.c
Linking C executable cmTC_049f8
/usr/bin/cmake -E cmake_link_script CMakeFiles/cmTC_049f8.dir/link.txt --verbose=1
/usr/bin/cc  -fPIC -DCHECK_FUNCTION_EXISTS=connect    -rdynamic CMakeFiles/cmTC_049f8.dir/CheckFunctionExists.c.o  -o cmTC_049f8 
make[1] : on quitte le répertoire « /home/administrateur/Documents/Informatique/INF574/projet/MeshlessDeformations/build/CMakeFiles/CMakeTmp »


Determining if the function remove exists passed with the following output:
Change Dir: /home/administrateur/Documents/Informatique/INF574/projet/MeshlessDeformations/build/CMakeFiles/CMakeTmp

Run Build Command:"/usr/bin/make" "cmTC_1d2bd/fast"
/usr/bin/make -f CMakeFiles/cmTC_1d2bd.dir/build.make CMakeFiles/cmTC_1d2bd.dir/build
make[1] : on entre dans le répertoire « /home/administrateur/Documents/Informatique/INF574/projet/MeshlessDeformations/build/CMakeFiles/CMakeTmp »
Building C object CMakeFiles/cmTC_1d2bd.dir/CheckFunctionExists.c.o
/usr/bin/cc   -fPIC -DCHECK_FUNCTION_EXISTS=remove   -o CMakeFiles/cmTC_1d2bd.dir/CheckFunctionExists.c.o   -c /usr/share/cmake-3.10/Modules/CheckFunctionExists.c
Linking C executable cmTC_1d2bd
/usr/bin/cmake -E cmake_link_script CMakeFiles/cmTC_1d2bd.dir/link.txt --verbose=1
/usr/bin/cc  -fPIC -DCHECK_FUNCTION_EXISTS=remove    -rdynamic CMakeFiles/cmTC_1d2bd.dir/CheckFunctionExists.c.o  -o cmTC_1d2bd 
make[1] : on quitte le répertoire « /home/administrateur/Documents/Informatique/INF574/projet/MeshlessDeformations/build/CMakeFiles/CMakeTmp »


Determining if the function shmat exists passed with the following output:
Change Dir: /home/administrateur/Documents/Informatique/INF574/projet/MeshlessDeformations/build/CMakeFiles/CMakeTmp

Run Build Command:"/usr/bin/make" "cmTC_79e64/fast"
/usr/bin/make -f CMakeFiles/cmTC_79e64.dir/build.make CMakeFiles/cmTC_79e64.dir/build
make[1] : on entre dans le répertoire « /home/administrateur/Documents/Informatique/INF574/projet/MeshlessDeformations/build/CMakeFiles/CMakeTmp »
Building C object CMakeFiles/cmTC_79e64.dir/CheckFunctionExists.c.o
/usr/bin/cc   -fPIC -DCHECK_FUNCTION_EXISTS=shmat   -o CMakeFiles/cmTC_79e64.dir/CheckFunctionExists.c.o   -c /usr/share/cmake-3.10/Modules/CheckFunctionExists.c
Linking C executable cmTC_79e64
/usr/bin/cmake -E cmake_link_script CMakeFiles/cmTC_79e64.dir/link.txt --verbose=1
/usr/bin/cc  -fPIC -DCHECK_FUNCTION_EXISTS=shmat    -rdynamic CMakeFiles/cmTC_79e64.dir/CheckFunctionExists.c.o  -o cmTC_79e64 
make[1] : on quitte le répertoire « /home/administrateur/Documents/Informatique/INF574/projet/MeshlessDeformations/build/CMakeFiles/CMakeTmp »


Determining if the function IceConnectionNumber exists in the ICE passed with the following output:
Change Dir: /home/administrateur/Documents/Informatique/INF574/projet/MeshlessDeformations/build/CMakeFiles/CMakeTmp

Run Build Command:"/usr/bin/make" "cmTC_f8966/fast"
/usr/bin/make -f CMakeFiles/cmTC_f8966.dir/build.make CMakeFiles/cmTC_f8966.dir/build
make[1] : on entre dans le répertoire « /home/administrateur/Documents/Informatique/INF574/projet/MeshlessDeformations/build/CMakeFiles/CMakeTmp »
Building C object CMakeFiles/cmTC_f8966.dir/CheckFunctionExists.c.o
/usr/bin/cc   -fPIC -DCHECK_FUNCTION_EXISTS=IceConnectionNumber   -o CMakeFiles/cmTC_f8966.dir/CheckFunctionExists.c.o   -c /usr/share/cmake-3.10/Modules/CheckFunctionExists.c
Linking C executable cmTC_f8966
/usr/bin/cmake -E cmake_link_script CMakeFiles/cmTC_f8966.dir/link.txt --verbose=1
/usr/bin/cc  -fPIC -DCHECK_FUNCTION_EXISTS=IceConnectionNumber    -rdynamic CMakeFiles/cmTC_f8966.dir/CheckFunctionExists.c.o  -o cmTC_f8966 -lICE 
make[1] : on quitte le répertoire « /home/administrateur/Documents/Informatique/INF574/projet/MeshlessDeformations/build/CMakeFiles/CMakeTmp »


