Determining if the pthread_create exist failed with the following output:
Change Dir: /home/administrateur/Documents/Informatique/INF574/projet/MeshlessDeformations/build/CMakeFiles/CMakeTmp

Run Build Command:"/usr/bin/make" "cmTC_3f13c/fast"
/usr/bin/make -f CMakeFiles/cmTC_3f13c.dir/build.make CMakeFiles/cmTC_3f13c.dir/build
make[1] : on entre dans le répertoire « /home/administrateur/Documents/Informatique/INF574/projet/MeshlessDeformations/build/CMakeFiles/CMakeTmp »
Building C object CMakeFiles/cmTC_3f13c.dir/CheckSymbolExists.c.o
/usr/bin/cc   -fPIC    -o CMakeFiles/cmTC_3f13c.dir/CheckSymbolExists.c.o   -c /home/administrateur/Documents/Informatique/INF574/projet/MeshlessDeformations/build/home/administrateur/Documents/Informatique/INF574/projet/MeshlessDeformations/build/CMakeTmp/CheckSymbolExists.c
Linking C executable cmTC_3f13c
/usr/bin/cmake -E cmake_link_script CMakeFiles/cmTC_3f13c.dir/link.txt --verbose=1
/usr/bin/cc  -fPIC     -rdynamic CMakeFiles/cmTC_3f13c.dir/CheckSymbolExists.c.o  -o cmTC_3f13c 
CMakeFiles/cmTC_3f13c.dir/CheckSymbolExists.c.o : Dans la fonction « main » :
CheckSymbolExists.c:(.text+0x1b) : référence indéfinie vers « pthread_create »
collect2: error: ld returned 1 exit status
CMakeFiles/cmTC_3f13c.dir/build.make:97: recipe for target 'cmTC_3f13c' failed
make[1]: *** [cmTC_3f13c] Error 1
make[1] : on quitte le répertoire « /home/administrateur/Documents/Informatique/INF574/projet/MeshlessDeformations/build/CMakeFiles/CMakeTmp »
Makefile:126: recipe for target 'cmTC_3f13c/fast' failed
make: *** [cmTC_3f13c/fast] Error 2

File /home/administrateur/Documents/Informatique/INF574/projet/MeshlessDeformations/build/home/administrateur/Documents/Informatique/INF574/projet/MeshlessDeformations/build/CMakeTmp/CheckSymbolExists.c:
/* */
#include <pthread.h>

int main(int argc, char** argv)
{
  (void)argv;
#ifndef pthread_create
  return ((int*)(&pthread_create))[argc];
#else
  (void)argc;
  return 0;
#endif
}

Determining if the function pthread_create exists in the pthreads failed with the following output:
Change Dir: /home/administrateur/Documents/Informatique/INF574/projet/MeshlessDeformations/build/CMakeFiles/CMakeTmp

Run Build Command:"/usr/bin/make" "cmTC_d1aa5/fast"
/usr/bin/make -f CMakeFiles/cmTC_d1aa5.dir/build.make CMakeFiles/cmTC_d1aa5.dir/build
make[1] : on entre dans le répertoire « /home/administrateur/Documents/Informatique/INF574/projet/MeshlessDeformations/build/CMakeFiles/CMakeTmp »
Building C object CMakeFiles/cmTC_d1aa5.dir/CheckFunctionExists.c.o
/usr/bin/cc   -fPIC -DCHECK_FUNCTION_EXISTS=pthread_create   -o CMakeFiles/cmTC_d1aa5.dir/CheckFunctionExists.c.o   -c /usr/share/cmake-3.10/Modules/CheckFunctionExists.c
Linking C executable cmTC_d1aa5
/usr/bin/cmake -E cmake_link_script CMakeFiles/cmTC_d1aa5.dir/link.txt --verbose=1
/usr/bin/cc  -fPIC -DCHECK_FUNCTION_EXISTS=pthread_create    -rdynamic CMakeFiles/cmTC_d1aa5.dir/CheckFunctionExists.c.o  -o cmTC_d1aa5 -lpthreads 
/usr/bin/ld : ne peut trouver -lpthreads
collect2: error: ld returned 1 exit status
CMakeFiles/cmTC_d1aa5.dir/build.make:97: recipe for target 'cmTC_d1aa5' failed
make[1]: *** [cmTC_d1aa5] Error 1
make[1] : on quitte le répertoire « /home/administrateur/Documents/Informatique/INF574/projet/MeshlessDeformations/build/CMakeFiles/CMakeTmp »
Makefile:126: recipe for target 'cmTC_d1aa5/fast' failed
make: *** [cmTC_d1aa5/fast] Error 2


