Determining if the pthread_create exist failed with the following output:
Change Dir: /home/administrateur/Documents/Informatique/INF574/projet/MeshlessDeformations/build/CMakeFiles/CMakeTmp

Run Build Command:"/usr/bin/make" "cmTC_93277/fast"
/usr/bin/make -f CMakeFiles/cmTC_93277.dir/build.make CMakeFiles/cmTC_93277.dir/build
make[1] : on entre dans le répertoire « /home/administrateur/Documents/Informatique/INF574/projet/MeshlessDeformations/build/CMakeFiles/CMakeTmp »
Building C object CMakeFiles/cmTC_93277.dir/CheckSymbolExists.c.o
/usr/bin/cc   -fPIC    -o CMakeFiles/cmTC_93277.dir/CheckSymbolExists.c.o   -c /home/administrateur/Documents/Informatique/INF574/projet/MeshlessDeformations/build/CMakeFiles/CMakeTmp/CheckSymbolExists.c
Linking C executable cmTC_93277
/usr/bin/cmake -E cmake_link_script CMakeFiles/cmTC_93277.dir/link.txt --verbose=1
/usr/bin/cc  -fPIC     -rdynamic CMakeFiles/cmTC_93277.dir/CheckSymbolExists.c.o  -o cmTC_93277 
CMakeFiles/cmTC_93277.dir/CheckSymbolExists.c.o : Dans la fonction « main » :
CheckSymbolExists.c:(.text+0x1b) : référence indéfinie vers « pthread_create »
collect2: error: ld returned 1 exit status
CMakeFiles/cmTC_93277.dir/build.make:97: recipe for target 'cmTC_93277' failed
make[1]: *** [cmTC_93277] Error 1
make[1] : on quitte le répertoire « /home/administrateur/Documents/Informatique/INF574/projet/MeshlessDeformations/build/CMakeFiles/CMakeTmp »
Makefile:126: recipe for target 'cmTC_93277/fast' failed
make: *** [cmTC_93277/fast] Error 2

File /home/administrateur/Documents/Informatique/INF574/projet/MeshlessDeformations/build/CMakeFiles/CMakeTmp/CheckSymbolExists.c:
/* */
#include <pthread.h>

int main(int argc, char** argv)
{
  (void)argv;
#ifndef pthread_create
  return ((int*)(&pthread_create))[argc];
#else
  (void)argc;
  return 0;
#endif
}

Determining if the function pthread_create exists in the pthreads failed with the following output:
Change Dir: /home/administrateur/Documents/Informatique/INF574/projet/MeshlessDeformations/build/CMakeFiles/CMakeTmp

Run Build Command:"/usr/bin/make" "cmTC_40a20/fast"
/usr/bin/make -f CMakeFiles/cmTC_40a20.dir/build.make CMakeFiles/cmTC_40a20.dir/build
make[1] : on entre dans le répertoire « /home/administrateur/Documents/Informatique/INF574/projet/MeshlessDeformations/build/CMakeFiles/CMakeTmp »
Building C object CMakeFiles/cmTC_40a20.dir/CheckFunctionExists.c.o
/usr/bin/cc   -fPIC -DCHECK_FUNCTION_EXISTS=pthread_create   -o CMakeFiles/cmTC_40a20.dir/CheckFunctionExists.c.o   -c /usr/share/cmake-3.10/Modules/CheckFunctionExists.c
Linking C executable cmTC_40a20
/usr/bin/cmake -E cmake_link_script CMakeFiles/cmTC_40a20.dir/link.txt --verbose=1
/usr/bin/cc  -fPIC -DCHECK_FUNCTION_EXISTS=pthread_create    -rdynamic CMakeFiles/cmTC_40a20.dir/CheckFunctionExists.c.o  -o cmTC_40a20 -lpthreads 
/usr/bin/ld : ne peut trouver -lpthreads
collect2: error: ld returned 1 exit status
CMakeFiles/cmTC_40a20.dir/build.make:97: recipe for target 'cmTC_40a20' failed
make[1]: *** [cmTC_40a20] Error 1
make[1] : on quitte le répertoire « /home/administrateur/Documents/Informatique/INF574/projet/MeshlessDeformations/build/CMakeFiles/CMakeTmp »
Makefile:126: recipe for target 'cmTC_40a20/fast' failed
make: *** [cmTC_40a20/fast] Error 2


